0 verbose cli C:\Program Files\nodejs\node.exe C:\Users\Mhmtm\AppData\Roaming\npm\node_modules\npm\bin\npm-cli.js
1 info using npm@11.2.0
2 info using node@v20.18.0
3 silly config load:file:C:\Users\Mhmtm\AppData\Roaming\npm\node_modules\npm\npmrc
4 silly config load:file:C:\Users\Mhmtm\OneDrive\Masaüstü\web-kutuphane\kutuphane-web\.npmrc
5 silly config load:file:C:\Users\Mhmtm\.npmrc
6 silly config load:file:C:\Users\Mhmtm\AppData\Roaming\npm\etc\npmrc
7 verbose title npm run dev
8 verbose argv "run" "dev"
9 verbose logfile logs-max:10 dir:C:\Users\Mhmtm\OneDrive\Masaüstü\web-kutuphane\kutuphane-web\tempnpm-cache\_logs\2025-05-06T16_12_03_037Z-
10 verbose logfile C:\Users\Mhmtm\OneDrive\Masaüstü\web-kutuphane\kutuphane-web\tempnpm-cache\_logs\2025-05-06T16_12_03_037Z-debug-0.log
11 silly logfile start cleaning logs, removing 1 files
12 silly logfile done cleaning log files
13 verbose stack Error: Missing script: "dev"
13 verbose stack
13 verbose stack To see a list of scripts, run:
13 verbose stack   npm run
13 verbose stack     at #run (C:\Users\Mhmtm\AppData\Roaming\npm\node_modules\npm\lib\commands\run-script.js:111:13)
13 verbose stack     at async RunScript.exec (C:\Users\Mhmtm\AppData\Roaming\npm\node_modules\npm\lib\commands\run-script.js:40:7)
13 verbose stack     at async Npm.exec (C:\Users\Mhmtm\AppData\Roaming\npm\node_modules\npm\lib\npm.js:208:9)
13 verbose stack     at async module.exports (C:\Users\Mhmtm\AppData\Roaming\npm\node_modules\npm\lib\cli\entry.js:67:5)
14 error Missing script: "dev"
14 error
14 error To see a list of scripts, run:
14 error   npm run
15 verbose cwd C:\Users\Mhmtm\OneDrive\Masaüstü\web-kutuphane\kutuphane-web
16 verbose os Windows_NT 10.0.26100
17 verbose node v20.18.0
18 verbose npm  v11.2.0
19 verbose exit 1
20 verbose code 1
21 error A complete log of this run can be found in: C:\Users\Mhmtm\OneDrive\Masaüstü\web-kutuphane\kutuphane-web\tempnpm-cache\_logs\2025-05-06T16_12_03_037Z-debug-0.log
